-- The C compiler identification is GNU 9.4.0
-- The CXX compiler identification is GNU 9.4.0
-- Check for working C compiler: /usr/bin/cc
-- Check for working C compiler: /usr/bin/cc -- works
-- Detecting C compiler ABI info
-- Detecting C compiler ABI info - done
-- Detecting C compile features
-- Detecting C compile features - done
-- Check for working CXX compiler: /usr/bin/c++
-- Check for working CXX compiler: /usr/bin/c++ -- works
-- Detecting CXX compiler ABI info
-- Detecting CXX compiler ABI info - done
-- Detecting CXX compile features
-- Detecting CXX compile features - done
-- Found ament_cmake: 0.9.11 (/opt/ros/foxy/share/ament_cmake/cmake)
-- Found PythonInterp: /usr/bin/python3 (found suitable version "3.8.10", minimum required is "3") 
-- Using PYTHON_EXECUTABLE: /usr/bin/python3
-- Configuring done
-- Generating done
-- Build files have been written to: /home/tom/ros2_workspace/src/navigation/mayo_navigation/build/mayo_navigation
-- Install configuration: ""
-- Installing: /home/tom/ros2_workspace/src/navigation/mayo_navigation/install/mayo_navigation/share/mayo_navigation/launch
-- Installing: /home/tom/ros2_workspace/src/navigation/mayo_navigation/install/mayo_navigation/share/mayo_navigation/launch/mayo_navigation.launch.py
-- Installing: /home/tom/ros2_workspace/src/navigation/mayo_navigation/install/mayo_navigation/share/mayo_navigation/params
-- Installing: /home/tom/ros2_workspace/src/navigation/mayo_navigation/install/mayo_navigation/share/mayo_navigation/params/Mayo_navigation_params.yaml
-- Installing: /home/tom/ros2_workspace/src/navigation/mayo_navigation/install/mayo_navigation/share/mayo_navigation/maps
-- Installing: /home/tom/ros2_workspace/src/navigation/mayo_navigation/install/mayo_navigation/share/mayo_navigation/maps/mayo_nav2_test.png
-- Installing: /home/tom/ros2_workspace/src/navigation/mayo_navigation/install/mayo_navigation/share/mayo_navigation/maps/Mayo_navigation.yaml
-- Installing: /home/tom/ros2_workspace/src/navigation/mayo_navigation/install/mayo_navigation/share/mayo_navigation/rviz2
-- Installing: /home/tom/ros2_workspace/src/navigation/mayo_navigation/install/mayo_navigation/share/mayo_navigation/rviz2/Mayo_navigation_namespaced.rviz
-- Installing: /home/tom/ros2_workspace/src/navigation/mayo_navigation/install/mayo_navigation/share/mayo_navigation/rviz2/Mayo_navigation.rviz
-- Installing: /home/tom/ros2_workspace/src/navigation/mayo_navigation/install/mayo_navigation/share/ament_index/resource_index/package_run_dependencies/mayo_navigation
-- Installing: /home/tom/ros2_workspace/src/navigation/mayo_navigation/install/mayo_navigation/share/ament_index/resource_index/parent_prefix_path/mayo_navigation
-- Installing: /home/tom/ros2_workspace/src/navigation/mayo_navigation/install/mayo_navigation/share/mayo_navigation/environment/ament_prefix_path.sh
-- Installing: /home/tom/ros2_workspace/src/navigation/mayo_navigation/install/mayo_navigation/share/mayo_navigation/environment/ament_prefix_path.dsv
-- Installing: /home/tom/ros2_workspace/src/navigation/mayo_navigation/install/mayo_navigation/share/mayo_navigation/environment/path.sh
-- Installing: /home/tom/ros2_workspace/src/navigation/mayo_navigation/install/mayo_navigation/share/mayo_navigation/environment/path.dsv
-- Installing: /home/tom/ros2_workspace/src/navigation/mayo_navigation/install/mayo_navigation/share/mayo_navigation/local_setup.bash
-- Installing: /home/tom/ros2_workspace/src/navigation/mayo_navigation/install/mayo_navigation/share/mayo_navigation/local_setup.sh
-- Installing: /home/tom/ros2_workspace/src/navigation/mayo_navigation/install/mayo_navigation/share/mayo_navigation/local_setup.zsh
-- Installing: /home/tom/ros2_workspace/src/navigation/mayo_navigation/install/mayo_navigation/share/mayo_navigation/local_setup.dsv
-- Installing: /home/tom/ros2_workspace/src/navigation/mayo_navigation/install/mayo_navigation/share/mayo_navigation/package.dsv
-- Installing: /home/tom/ros2_workspace/src/navigation/mayo_navigation/install/mayo_navigation/share/ament_index/resource_index/packages/mayo_navigation
-- Installing: /home/tom/ros2_workspace/src/navigation/mayo_navigation/install/mayo_navigation/share/mayo_navigation/cmake/mayo_navigationConfig.cmake
-- Installing: /home/tom/ros2_workspace/src/navigation/mayo_navigation/install/mayo_navigation/share/mayo_navigation/cmake/mayo_navigationConfig-version.cmake
-- Installing: /home/tom/ros2_workspace/src/navigation/mayo_navigation/install/mayo_navigation/share/mayo_navigation/package.xml
