[0.012s] Invoking command in '/home/tom/ros2_workspace/src/navigation/mayo_navigation/build/mayo_navigation': CMAKE_PREFIX_PATH=${CMAKE_PREFIX_PATH}:/home/tom/ros2_workspace/src/navigation/install/isaac_ros_navigation_goal:/opt/ros/foxy /usr/bin/cmake /home/tom/ros2_workspace/src/navigation/mayo_navigation -DCMAKE_INSTALL_PREFIX=/home/tom/ros2_workspace/src/navigation/mayo_navigation/install/mayo_navigation
[0.049s] -- The C compiler identification is GNU 9.4.0
[0.084s] -- The CXX compiler identification is GNU 9.4.0
[0.087s] -- Check for working C compiler: /usr/bin/cc
[0.135s] -- Check for working C compiler: /usr/bin/cc -- works
[0.135s] -- Detecting C compiler ABI info
[0.181s] -- Detecting C compiler ABI info - done
[0.188s] -- Detecting C compile features
[0.188s] -- Detecting C compile features - done
[0.190s] -- Check for working CXX compiler: /usr/bin/c++
[0.243s] -- Check for working CXX compiler: /usr/bin/c++ -- works
[0.243s] -- Detecting CXX compiler ABI info
[0.297s] -- Detecting CXX compiler ABI info - done
[0.304s] -- Detecting CXX compile features
[0.305s] -- Detecting CXX compile features - done
[0.306s] -- Found ament_cmake: 0.9.11 (/opt/ros/foxy/share/ament_cmake/cmake)
[0.323s] -- Found PythonInterp: /usr/bin/python3 (found suitable version "3.8.10", minimum required is "3") 
[0.323s] -- Using PYTHON_EXECUTABLE: /usr/bin/python3
[0.503s] -- Configuring done
[0.504s] -- Generating done
[0.505s] -- Build files have been written to: /home/tom/ros2_workspace/src/navigation/mayo_navigation/build/mayo_navigation
[0.507s] Invoked command in '/home/tom/ros2_workspace/src/navigation/mayo_navigation/build/mayo_navigation' returned '0': CMAKE_PREFIX_PATH=${CMAKE_PREFIX_PATH}:/home/tom/ros2_workspace/src/navigation/install/isaac_ros_navigation_goal:/opt/ros/foxy /usr/bin/cmake /home/tom/ros2_workspace/src/navigation/mayo_navigation -DCMAKE_INSTALL_PREFIX=/home/tom/ros2_workspace/src/navigation/mayo_navigation/install/mayo_navigation
[0.509s] Invoking command in '/home/tom/ros2_workspace/src/navigation/mayo_navigation/build/mayo_navigation': CMAKE_PREFIX_PATH=${CMAKE_PREFIX_PATH}:/home/tom/ros2_workspace/src/navigation/install/isaac_ros_navigation_goal:/opt/ros/foxy /usr/bin/cmake --build /home/tom/ros2_workspace/src/navigation/mayo_navigation/build/mayo_navigation -- -j8 -l8
[0.539s] Invoked command in '/home/tom/ros2_workspace/src/navigation/mayo_navigation/build/mayo_navigation' returned '0': CMAKE_PREFIX_PATH=${CMAKE_PREFIX_PATH}:/home/tom/ros2_workspace/src/navigation/install/isaac_ros_navigation_goal:/opt/ros/foxy /usr/bin/cmake --build /home/tom/ros2_workspace/src/navigation/mayo_navigation/build/mayo_navigation -- -j8 -l8
[0.564s] Invoking command in '/home/tom/ros2_workspace/src/navigation/mayo_navigation/build/mayo_navigation': CMAKE_PREFIX_PATH=${CMAKE_PREFIX_PATH}:/home/tom/ros2_workspace/src/navigation/install/isaac_ros_navigation_goal:/opt/ros/foxy /usr/bin/cmake --install /home/tom/ros2_workspace/src/navigation/mayo_navigation/build/mayo_navigation
[0.571s] -- Install configuration: ""
[0.571s] -- Installing: /home/tom/ros2_workspace/src/navigation/mayo_navigation/install/mayo_navigation/share/mayo_navigation/launch
[0.571s] -- Installing: /home/tom/ros2_workspace/src/navigation/mayo_navigation/install/mayo_navigation/share/mayo_navigation/launch/mayo_navigation.launch.py
[0.571s] -- Installing: /home/tom/ros2_workspace/src/navigation/mayo_navigation/install/mayo_navigation/share/mayo_navigation/params
[0.571s] -- Installing: /home/tom/ros2_workspace/src/navigation/mayo_navigation/install/mayo_navigation/share/mayo_navigation/params/Mayo_navigation_params.yaml
[0.571s] -- Installing: /home/tom/ros2_workspace/src/navigation/mayo_navigation/install/mayo_navigation/share/mayo_navigation/maps
[0.571s] -- Installing: /home/tom/ros2_workspace/src/navigation/mayo_navigation/install/mayo_navigation/share/mayo_navigation/maps/mayo_nav2_test.png
[0.571s] -- Installing: /home/tom/ros2_workspace/src/navigation/mayo_navigation/install/mayo_navigation/share/mayo_navigation/maps/Mayo_navigation.yaml
[0.571s] -- Installing: /home/tom/ros2_workspace/src/navigation/mayo_navigation/install/mayo_navigation/share/mayo_navigation/rviz2
[0.571s] -- Installing: /home/tom/ros2_workspace/src/navigation/mayo_navigation/install/mayo_navigation/share/mayo_navigation/rviz2/Mayo_navigation_namespaced.rviz
[0.571s] -- Installing: /home/tom/ros2_workspace/src/navigation/mayo_navigation/install/mayo_navigation/share/mayo_navigation/rviz2/Mayo_navigation.rviz
[0.571s] -- Installing: /home/tom/ros2_workspace/src/navigation/mayo_navigation/install/mayo_navigation/share/ament_index/resource_index/package_run_dependencies/mayo_navigation
[0.571s] -- Installing: /home/tom/ros2_workspace/src/navigation/mayo_navigation/install/mayo_navigation/share/ament_index/resource_index/parent_prefix_path/mayo_navigation
[0.571s] -- Installing: /home/tom/ros2_workspace/src/navigation/mayo_navigation/install/mayo_navigation/share/mayo_navigation/environment/ament_prefix_path.sh
[0.572s] -- Installing: /home/tom/ros2_workspace/src/navigation/mayo_navigation/install/mayo_navigation/share/mayo_navigation/environment/ament_prefix_path.dsv
[0.572s] -- Installing: /home/tom/ros2_workspace/src/navigation/mayo_navigation/install/mayo_navigation/share/mayo_navigation/environment/path.sh
[0.572s] -- Installing: /home/tom/ros2_workspace/src/navigation/mayo_navigation/install/mayo_navigation/share/mayo_navigation/environment/path.dsv
[0.572s] -- Installing: /home/tom/ros2_workspace/src/navigation/mayo_navigation/install/mayo_navigation/share/mayo_navigation/local_setup.bash
[0.572s] -- Installing: /home/tom/ros2_workspace/src/navigation/mayo_navigation/install/mayo_navigation/share/mayo_navigation/local_setup.sh
[0.572s] -- Installing: /home/tom/ros2_workspace/src/navigation/mayo_navigation/install/mayo_navigation/share/mayo_navigation/local_setup.zsh
[0.572s] -- Installing: /home/tom/ros2_workspace/src/navigation/mayo_navigation/install/mayo_navigation/share/mayo_navigation/local_setup.dsv
[0.572s] -- Installing: /home/tom/ros2_workspace/src/navigation/mayo_navigation/install/mayo_navigation/share/mayo_navigation/package.dsv
[0.573s] -- Installing: /home/tom/ros2_workspace/src/navigation/mayo_navigation/install/mayo_navigation/share/ament_index/resource_index/packages/mayo_navigation
[0.573s] -- Installing: /home/tom/ros2_workspace/src/navigation/mayo_navigation/install/mayo_navigation/share/mayo_navigation/cmake/mayo_navigationConfig.cmake
[0.573s] -- Installing: /home/tom/ros2_workspace/src/navigation/mayo_navigation/install/mayo_navigation/share/mayo_navigation/cmake/mayo_navigationConfig-version.cmake
[0.573s] -- Installing: /home/tom/ros2_workspace/src/navigation/mayo_navigation/install/mayo_navigation/share/mayo_navigation/package.xml
[0.575s] Invoked command in '/home/tom/ros2_workspace/src/navigation/mayo_navigation/build/mayo_navigation' returned '0': CMAKE_PREFIX_PATH=${CMAKE_PREFIX_PATH}:/home/tom/ros2_workspace/src/navigation/install/isaac_ros_navigation_goal:/opt/ros/foxy /usr/bin/cmake --install /home/tom/ros2_workspace/src/navigation/mayo_navigation/build/mayo_navigation
